<?xml version="1.0" encoding="UTF-8"?>
<!-- Generated by org.testng.reporters.JUnitXMLReporter -->
<testsuite hostname="DESKTOP-EAPBHTE" ignored="0" name="Test" tests="4" failures="0" timestamp="10 Nov 2021 22:32:07 GMT" time="32.854" errors="0">
  <testcase name="TestCargarURLTestim" time="4.821" classname="asesorEspacial.TC003_Agregar_Destino_Carro"/>
  <testcase name="SeleccionarDestino" time="13.231" classname="asesorEspacial.TC003_Agregar_Destino_Carro"/>
  <testcase name="FiltrarResultados" time="8.629" classname="asesorEspacial.TC003_Agregar_Destino_Carro"/>
  <testcase name="AgregarDestino" time="4.882" classname="asesorEspacial.TC003_Agregar_Destino_Carro"/>
</testsuite> <!-- Test -->
