<?xml version="1.0" encoding="UTF-8"?>
<!-- Generated by org.testng.reporters.JUnitXMLReporter -->
<testsuite hostname="DESKTOP-EAPBHTE" ignored="0" name="Test" tests="5" failures="0" timestamp="10 Nov 2021 22:32:58 GMT" time="51.483" errors="0">
  <testcase name="TestCargarURLTestim" time="4.862" classname="asesorEspacial.TC004_Completar_Checkout"/>
  <testcase name="SeleccionarDestino" time="13.243" classname="asesorEspacial.TC004_Completar_Checkout"/>
  <testcase name="FiltrarResultados" time="8.685" classname="asesorEspacial.TC004_Completar_Checkout"/>
  <testcase name="AgregarDestino" time="4.936" classname="asesorEspacial.TC004_Completar_Checkout"/>
  <testcase name="CompletarCheckout" time="18.471" classname="asesorEspacial.TC004_Completar_Checkout"/>
</testsuite> <!-- Test -->
