<?xml version="1.0" encoding="UTF-8"?>
<testng-results skipped="0" failed="0" ignored="0" total="5" passed="5">
  <reporter-output>
  </reporter-output>
  <suite name="Default suite" duration-ms="60119" started-at="2021-11-10T23:40:52Z" finished-at="2021-11-10T23:41:52Z">
    <groups>
    </groups>
    <test name="Default test" duration-ms="60119" started-at="2021-11-10T23:40:52Z" finished-at="2021-11-10T23:41:52Z">
      <class name="asesorEspacial.TC004_Completar_Checkout">
        <test-method status="PASS" signature="beforeClass()[pri:0, instance:asesorEspacial.TC004_Completar_Checkout@4b14c583]" name="beforeClass" is-config="true" duration-ms="223" started-at="2021-11-10T23:40:52Z" finished-at="2021-11-10T23:40:52Z">
          <reporter-output>
          </reporter-output>
        </test-method> <!-- beforeClass -->
        <test-method status="PASS" signature="TestCargarURLTestim()[pri:10, instance:asesorEspacial.TC004_Completar_Checkout@4b14c583]" name="TestCargarURLTestim" duration-ms="5412" started-at="2021-11-10T23:40:52Z" finished-at="2021-11-10T23:40:57Z">
          <reporter-output>
          </reporter-output>
        </test-method> <!-- TestCargarURLTestim -->
        <test-method status="PASS" signature="SeleccionarDestino()[pri:11, instance:asesorEspacial.TC004_Completar_Checkout@4b14c583]" name="SeleccionarDestino" duration-ms="13332" started-at="2021-11-10T23:40:57Z" finished-at="2021-11-10T23:41:11Z">
          <reporter-output>
          </reporter-output>
        </test-method> <!-- SeleccionarDestino -->
        <test-method status="PASS" signature="FiltrarResultados()[pri:12, instance:asesorEspacial.TC004_Completar_Checkout@4b14c583]" name="FiltrarResultados" duration-ms="8667" started-at="2021-11-10T23:41:11Z" finished-at="2021-11-10T23:41:19Z">
          <reporter-output>
          </reporter-output>
        </test-method> <!-- FiltrarResultados -->
        <test-method status="PASS" signature="AgregarDestino()[pri:13, instance:asesorEspacial.TC004_Completar_Checkout@4b14c583]" name="AgregarDestino" duration-ms="6006" started-at="2021-11-10T23:41:19Z" finished-at="2021-11-10T23:41:25Z">
          <reporter-output>
          </reporter-output>
        </test-method> <!-- AgregarDestino -->
        <test-method status="PASS" signature="CompletarCheckout()[pri:14, instance:asesorEspacial.TC004_Completar_Checkout@4b14c583]" name="CompletarCheckout" duration-ms="24822" started-at="2021-11-10T23:41:25Z" finished-at="2021-11-10T23:41:50Z">
          <reporter-output>
          </reporter-output>
        </test-method> <!-- CompletarCheckout -->
        <test-method status="PASS" signature="afterClass()[pri:0, instance:asesorEspacial.TC004_Completar_Checkout@4b14c583]" name="afterClass" is-config="true" duration-ms="1633" started-at="2021-11-10T23:41:50Z" finished-at="2021-11-10T23:41:52Z">
          <reporter-output>
          </reporter-output>
        </test-method> <!-- afterClass -->
      </class> <!-- asesorEspacial.TC004_Completar_Checkout -->
    </test> <!-- Default test -->
  </suite> <!-- Default suite -->
</testng-results>
