<?xml version="1.0" encoding="UTF-8"?>
<!-- Generated by org.testng.reporters.JUnitXMLReporter -->
<testsuite hostname="DESKTOP-EAPBHTE" ignored="0" name="Test" tests="3" failures="0" timestamp="10 Nov 2021 22:31:34 GMT" time="27.805" errors="0">
  <testcase name="TestCargarURLTestim" time="4.677" classname="asesorEspacial.TC002_Filtrar_Resultados"/>
  <testcase name="SeleccionarDestino" time="13.19" classname="asesorEspacial.TC002_Filtrar_Resultados"/>
  <testcase name="FiltrarResultados" time="8.664" classname="asesorEspacial.TC002_Filtrar_Resultados"/>
</testsuite> <!-- Test -->
