<?xml version="1.0" encoding="UTF-8"?>
<testsuite xmlns:xsi="http://www.w3.org/2001/XMLSchema-instance" xsi:noNamespaceSchemaLocation="https://maven.apache.org/surefire/maven-surefire-plugin/xsd/surefire-test-report.xsd" name="TestSuite" time="149.351" tests="16" errors="0" skipped="0" failures="0">
  <properties>
[...]
</properties>
  <testcase name="TestCargarURLTestim" classname="asesorEspacial.TC001_Seleccionar_Destino" time="5.816"/>
  <testcase name="SeleccionarDestino" classname="asesorEspacial.TC001_Seleccionar_Destino" time="13.278"/>
  <testcase name="TestCargarURLTestim" classname="asesorEspacial.TC002_Filtrar_Resultados" time="4.677"/>
  <testcase name="SeleccionarDestino" classname="asesorEspacial.TC002_Filtrar_Resultados" time="13.191"/>
  <testcase name="FiltrarResultados" classname="asesorEspacial.TC002_Filtrar_Resultados" time="8.664"/>
  <testcase name="TestCargarURLTestim" classname="asesorEspacial.TC003_Agregar_Destino_Carro" time="4.821"/>
  <testcase name="SeleccionarDestino" classname="asesorEspacial.TC003_Agregar_Destino_Carro" time="13.231"/>
  <testcase name="FiltrarResultados" classname="asesorEspacial.TC003_Agregar_Destino_Carro" time="8.63"/>
  <testcase name="AgregarDestino" classname="asesorEspacial.TC003_Agregar_Destino_Carro" time="4.882"/>
  <testcase name="TestCargarURLTestim" classname="asesorEspacial.TC004_Completar_Checkout" time="4.862"/>
  <testcase name="SeleccionarDestino" classname="asesorEspacial.TC004_Completar_Checkout" time="13.243"/>
  <testcase name="FiltrarResultados" classname="asesorEspacial.TC004_Completar_Checkout" time="8.685"/>
  <testcase name="AgregarDestino" classname="asesorEspacial.TC004_Completar_Checkout" time="4.936"/>
  <testcase name="CompletarCheckout" classname="asesorEspacial.TC004_Completar_Checkout" time="18.471"/>
  <testcase name="TestCargarURLTestim" classname="asesorEspacial.TC005_Iniciar_Sesion" time="4.826"/>
  <testcase name="IniciarSesion" classname="asesorEspacial.TC005_Iniciar_Sesion" time="9.739"/>
</testsuite>