<?xml version="1.0" encoding="UTF-8"?>
<!-- Generated by org.testng.reporters.JUnitXMLReporter -->
<testsuite hostname="DESKTOP-EAPBHTE" ignored="0" name="Default test" tests="5" failures="0" timestamp="10 Nov 2021 23:41:52 GMT" time="60.119" errors="0">
  <testcase name="TestCargarURLTestim" time="5.412" classname="asesorEspacial.TC004_Completar_Checkout"/>
  <testcase name="SeleccionarDestino" time="13.332" classname="asesorEspacial.TC004_Completar_Checkout"/>
  <testcase name="FiltrarResultados" time="8.667" classname="asesorEspacial.TC004_Completar_Checkout"/>
  <testcase name="AgregarDestino" time="6.006" classname="asesorEspacial.TC004_Completar_Checkout"/>
  <testcase name="CompletarCheckout" time="24.822" classname="asesorEspacial.TC004_Completar_Checkout"/>
</testsuite> <!-- Default test -->
